# JRE version: Java(TM) SE Runtime Environment (8.0_60-b27) (build 1.8.0_60-b27)
# Java VM: Java HotSpot(TM) 64-Bit Server VM (25.60-b23 mixed mode windows-amd64 compressed oops)
Heap:
 PSYoungGen      total 303616K, used 224505K [0x00000000eab00000, 0x0000000100000000, 0x0000000100000000)
  eden space 283648K, 79% used [0x00000000eab00000,0x00000000f863e538,0x00000000fc000000)
  from space 19968K, 0% used [0x00000000fc000000,0x00000000fc000000,0x00000000fd380000)
  to   space 33280K, 0% used [0x00000000fdf80000,0x00000000fdf80000,0x0000000100000000)
 ParOldGen       total 97792K, used 70872K [0x00000000c0000000, 0x00000000c5f80000, 0x00000000eab00000)
  object space 97792K, 72% used [0x00000000c0000000,0x00000000c4536030,0x00000000c5f80000)
 Metaspace       used 73230K, capacity 77102K, committed 78424K, reserved 1116160K
  class space    used 9969K, capacity 11337K, committed 11648K, reserved 1048576K
GC Heap History (10 events):
Event: 761.347 GC heap before
{Heap before GC invocations=24 (full 3):
 PSYoungGen      total 314368K, used 33912K [0x00000000eab00000, 0x0000000100000000, 0x0000000100000000)
  eden space 286720K, 3% used [0x00000000eab00000,0x00000000eb3e7208,0x00000000fc300000)
  from space 27648K, 89% used [0x00000000fe500000,0x00000000ffd37128,0x0000000100000000)
  to   space 31232K, 0% used [0x00000000fc300000,0x00000000fc300000,0x00000000fe180000)
 ParOldGen       total 97792K, used 54088K [0x00000000c0000000, 0x00000000c5f80000, 0x00000000eab00000)
  object space 97792K, 55% used [0x00000000c0000000,0x00000000c34d23c8,0x00000000c5f80000)
 Metaspace       used 58824K, capacity 62156K, committed 62424K, reserved 1101824K
  class space    used 8024K, capacity 9126K, committed 9216K, reserved 1048576K
Event: 761.378 GC heap after
Heap after GC invocations=24 (full 3):
 PSYoungGen      total 317952K, used 265K [0x00000000eab00000, 0x0000000100000000, 0x0000000100000000)
  eden space 286720K, 0% used [0x00000000eab00000,0x00000000eab00000,0x00000000fc300000)
  from space 31232K, 0% used [0x00000000fc300000,0x00000000fc342770,0x00000000fe180000)
  to   space 31232K, 0% used [0x00000000fe180000,0x00000000fe180000,0x0000000100000000)
 ParOldGen       total 97792K, used 71572K [0x00000000c0000000, 0x00000000c5f80000, 0x00000000eab00000)
  object space 97792K, 73% used [0x00000000c0000000,0x00000000c45e51f8,0x00000000c5f80000)
 Metaspace       used 58824K, capacity 62156K, committed 62424K, reserved 1101824K
  class space    used 8024K, capacity 9126K, committed 9216K, reserved 1048576K
}
Event: 761.378 GC heap before
{Heap before GC invocations=25 (full 4):
 PSYoungGen      total 317952K, used 265K [0x00000000eab00000, 0x0000000100000000, 0x0000000100000000)
  eden space 286720K, 0% used [0x00000000eab00000,0x00000000eab00000,0x00000000fc300000)
  from space 31232K, 0% used [0x00000000fc300000,0x00000000fc342770,0x00000000fe180000)
  to   space 31232K, 0% used [0x00000000fe180000,0x00000000fe180000,0x0000000100000000)
 ParOldGen       total 97792K, used 71572K [0x00000000c0000000, 0x00000000c5f80000, 0x00000000eab00000)
  object space 97792K, 73% used [0x00000000c0000000,0x00000000c45e51f8,0x00000000c5f80000)
 Metaspace       used 58824K, capacity 62156K, committed 62424K, reserved 1101824K
  class space    used 8024K, capacity 9126K, committed 9216K, reserved 1048576K
Event: 762.159 GC heap after
Heap after GC invocations=25 (full 4):
 PSYoungGen      total 317952K, used 0K [0x00000000eab00000, 0x0000000100000000, 0x0000000100000000)
  eden space 286720K, 0% used [0x00000000eab00000,0x00000000eab00000,0x00000000fc300000)
  from space 31232K, 0% used [0x00000000fc300000,0x00000000fc300000,0x00000000fe180000)
  to   space 31232K, 0% used [0x00000000fe180000,0x00000000fe180000,0x0000000100000000)
 ParOldGen       total 97792K, used 67004K [0x00000000c0000000, 0x00000000c5f80000, 0x00000000eab00000)
  object space 97792K, 68% used [0x00000000c0000000,0x00000000c416f048,0x00000000c5f80000)
 Metaspace       used 58690K, capacity 61700K, committed 62424K, reserved 1101824K
  class space    used 7995K, capacity 8990K, committed 9216K, reserved 1048576K
}
Event: 12808.490 GC heap before
{Heap before GC invocations=26 (full 4):
 PSYoungGen      total 317952K, used 286720K [0x00000000eab00000, 0x0000000100000000, 0x0000000100000000)
  eden space 286720K, 100% used [0x00000000eab00000,0x00000000fc300000,0x00000000fc300000)
  from space 31232K, 0% used [0x00000000fc300000,0x00000000fc300000,0x00000000fe180000)
  to   space 31232K, 0% used [0x00000000fe180000,0x00000000fe180000,0x0000000100000000)
 ParOldGen       total 97792K, used 67004K [0x00000000c0000000, 0x00000000c5f80000, 0x00000000eab00000)
  object space 97792K, 68% used [0x00000000c0000000,0x00000000c416f048,0x00000000c5f80000)
 Metaspace       used 65509K, capacity 69288K, committed 69464K, reserved 1107968K
  class space    used 8964K, capacity 10249K, committed 10368K, reserved 1048576K
Event: 12809.536 GC heap after
Heap after GC invocations=26 (full 4):
 PSYoungGen      total 314880K, used 19811K [0x00000000eab00000, 0x0000000100000000, 0x0000000100000000)
  eden space 283648K, 0% used [0x00000000eab00000,0x00000000eab00000,0x00000000fc000000)
  from space 31232K, 63% used [0x00000000fe180000,0x00000000ff4d8c90,0x0000000100000000)
  to   space 32768K, 0% used [0x00000000fc000000,0x00000000fc000000,0x00000000fe000000)
 ParOldGen       total 97792K, used 67012K [0x00000000c0000000, 0x00000000c5f80000, 0x00000000eab00000)
  object space 97792K, 68% used [0x00000000c0000000,0x00000000c4171048,0x00000000c5f80000)
 Metaspace       used 65509K, capacity 69288K, committed 69464K, reserved 1107968K
  class space    used 8964K, capacity 10249K, committed 10368K, reserved 1048576K
}
Event: 12813.833 GC heap before
{Heap before GC invocations=27 (full 4):
 PSYoungGen      total 314880K, used 114695K [0x00000000eab00000, 0x0000000100000000, 0x0000000100000000)
  eden space 283648K, 33% used [0x00000000eab00000,0x00000000f07a92b8,0x00000000fc000000)
  from space 31232K, 63% used [0x00000000fe180000,0x00000000ff4d8c90,0x0000000100000000)
  to   space 32768K, 0% used [0x00000000fc000000,0x00000000fc000000,0x00000000fe000000)
 ParOldGen       total 97792K, used 67012K [0x00000000c0000000, 0x00000000c5f80000, 0x00000000eab00000)
  object space 97792K, 68% used [0x00000000c0000000,0x00000000c4171048,0x00000000c5f80000)
 Metaspace       used 67148K, capacity 71172K, committed 71256K, reserved 1110016K
  class space    used 9204K, capacity 10540K, committed 10624K, reserved 1048576K
Event: 12814.173 GC heap after
Heap after GC invocations=27 (full 4):
 PSYoungGen      total 303616K, used 19914K [0x00000000eab00000, 0x0000000100000000, 0x0000000100000000)
  eden space 283648K, 0% used [0x00000000eab00000,0x00000000eab00000,0x00000000fc000000)
  from space 19968K, 99% used [0x00000000fc000000,0x00000000fd372938,0x00000000fd380000)
  to   space 33280K, 0% used [0x00000000fdf80000,0x00000000fdf80000,0x0000000100000000)
 ParOldGen       total 97792K, used 67020K [0x00000000c0000000, 0x00000000c5f80000, 0x00000000eab00000)
  object space 97792K, 68% used [0x00000000c0000000,0x00000000c4173048,0x00000000c5f80000)
 Metaspace       used 67148K, capacity 71172K, committed 71256K, reserved 1110016K
  class space    used 9204K, capacity 10540K, committed 10624K, reserved 1048576K
}
Event: 12814.173 GC heap before
{Heap before GC invocations=28 (full 5):
 PSYoungGen      total 303616K, used 19914K [0x00000000eab00000, 0x0000000100000000, 0x0000000100000000)
  eden space 283648K, 0% used [0x00000000eab00000,0x00000000eab00000,0x00000000fc000000)
  from space 19968K, 99% used [0x00000000fc000000,0x00000000fd372938,0x00000000fd380000)
  to   space 33280K, 0% used [0x00000000fdf80000,0x00000000fdf80000,0x0000000100000000)
 ParOldGen       total 97792K, used 67020K [0x00000000c0000000, 0x00000000c5f80000, 0x00000000eab00000)
  object space 97792K, 68% used [0x00000000c0000000,0x00000000c4173048,0x00000000c5f80000)
 Metaspace       used 67148K, capacity 71172K, committed 71256K, reserved 1110016K
  class space    used 9204K, capacity 10540K, committed 10624K, reserved 1048576K
Event: 12817.602 GC heap after
Heap after GC invocations=28 (full 5):
 PSYoungGen      total 303616K, used 0K [0x00000000eab00000, 0x0000000100000000, 0x0000000100000000)
  eden space 283648K, 0% used [0x00000000eab00000,0x00000000eab00000,0x00000000fc000000)
  from space 19968K, 0% used [0x00000000fc000000,0x00000000fc000000,0x00000000fd380000)
  to   space 33280K, 0% used [0x00000000fdf80000,0x00000000fdf80000,0x0000000100000000)
 ParOldGen       total 97792K, used 70872K [0x00000000c0000000, 0x00000000c5f80000, 0x00000000eab00000)
  object space 97792K, 72% used [0x00000000c0000000,0x00000000c4536030,0x00000000c5f80000)
 Metaspace       used 65995K, capacity 69144K, committed 71256K, reserved 1110016K
  class space    used 8933K, capacity 10011K, committed 10624K, reserved 1048576K
}

